2020-11-13 18:26:22,091 INFO org.springframework.boot.StartupInfoLogger [main] Starting Application on DESKTOP-HP0EH4K with PID 3348 (C:\Users\Dell\Documents\com.sprint2\target\classes started by Dell in C:\Users\Dell\Documents\com.sprint2)
2020-11-13 18:26:22,097 INFO org.springframework.boot.SpringApplication [main] No active profile set, falling back to default profiles: default
2020-11-13 18:26:25,464 INFO org.springframework.data.repository.config.RepositoryConfigurationDelegate [main] Bootstrapping Spring Data repositories in DEFAULT mode.
2020-11-13 18:26:25,723 INFO org.springframework.data.repository.config.RepositoryConfigurationDelegate [main] Finished Spring Data repository scanning in 220ms. Found 8 repository interfaces.
2020-11-13 18:26:26,759 INFO org.springframework.context.support.PostProcessorRegistrationDelegate$BeanPostProcessorChecker [main] Bean 'org.springframework.transaction.annotation.ProxyTransactionManagementConfiguration' of type [org.springframework.transaction.annotation.ProxyTransactionManagementConfiguration$$EnhancerBySpringCGLIB$$ba1936ad] is not eligible for getting processed by all BeanPostProcessors (for example: not eligible for auto-proxying)
2020-11-13 18:26:28,199 INFO org.springframework.boot.web.embedded.tomcat.TomcatWebServer [main] Tomcat initialized with port(s): 8084 (http)
2020-11-13 18:26:28,352 INFO org.apache.juli.logging.DirectJDKLog [main] Initializing ProtocolHandler ["http-nio-8084"]
2020-11-13 18:26:28,402 INFO org.apache.juli.logging.DirectJDKLog [main] Starting service [Tomcat]
2020-11-13 18:26:28,403 INFO org.apache.juli.logging.DirectJDKLog [main] Starting Servlet engine: [Apache Tomcat/9.0.17]
2020-11-13 18:26:31,321 INFO org.apache.juli.logging.DirectJDKLog [main] Initializing Spring embedded WebApplicationContext
2020-11-13 18:26:31,322 INFO org.springframework.boot.web.servlet.context.ServletWebServerApplicationContext [main] Root WebApplicationContext: initialization completed in 9103 ms
2020-11-13 18:26:32,178 INFO com.zaxxer.hikari.HikariDataSource [main] HikariPool-1 - Starting...
2020-11-13 18:26:32,820 INFO com.zaxxer.hikari.HikariDataSource [main] HikariPool-1 - Start completed.
2020-11-13 18:26:33,125 INFO org.hibernate.jpa.internal.util.LogHelper [main] HHH000204: Processing PersistenceUnitInfo [
	name: default
	...]
2020-11-13 18:26:33,380 INFO org.hibernate.Version [main] HHH000412: Hibernate Core {5.3.9.Final}
2020-11-13 18:26:33,389 INFO org.hibernate.cfg.Environment [main] HHH000206: hibernate.properties not found
2020-11-13 18:26:33,934 INFO org.hibernate.annotations.common.reflection.java.JavaReflectionManager [main] HCANN000001: Hibernate Commons Annotations {5.0.4.Final}
2020-11-13 18:26:34,727 INFO org.hibernate.dialect.Dialect [main] HHH000400: Using dialect: org.hibernate.dialect.PostgreSQLDialect
2020-11-13 18:26:35,228 INFO org.hibernate.engine.jdbc.env.internal.LobCreatorBuilderImpl [main] HHH000421: Disabling contextual LOB creation as hibernate.jdbc.lob.non_contextual_creation is true
2020-11-13 18:26:35,247 INFO org.hibernate.type.BasicTypeRegistry [main] HHH000270: Type registration [java.util.UUID] overrides previous : org.hibernate.type.UUIDBinaryType@552bee2f
2020-11-13 18:26:38,008 INFO org.springframework.orm.jpa.AbstractEntityManagerFactoryBean [main] Initialized JPA EntityManagerFactory for persistence unit 'default'
2020-11-13 18:26:40,104 INFO springfox.documentation.spring.web.PropertySourcedRequestMappingHandlerMapping [main] Mapped URL path [/v2/api-docs] onto method [public org.springframework.http.ResponseEntity<springfox.documentation.spring.web.json.Json> springfox.documentation.swagger2.web.Swagger2Controller.getDocumentation(java.lang.String,javax.servlet.http.HttpServletRequest)]
2020-11-13 18:26:40,682 INFO org.springframework.scheduling.concurrent.ExecutorConfigurationSupport [main] Initializing ExecutorService 'applicationTaskExecutor'
2020-11-13 18:26:41,250 INFO springfox.documentation.spring.web.plugins.DocumentationPluginsBootstrapper [main] Context refreshed
2020-11-13 18:26:41,316 INFO springfox.documentation.spring.web.plugins.DocumentationPluginsBootstrapper [main] Found 1 custom documentation plugin(s)
2020-11-13 18:26:41,450 INFO springfox.documentation.spring.web.scanners.ApiListingReferenceScanner [main] Scanning for api listing references
2020-11-13 18:26:41,968 INFO org.apache.juli.logging.DirectJDKLog [main] Starting ProtocolHandler ["http-nio-8084"]
2020-11-13 18:26:42,058 INFO org.springframework.boot.web.embedded.tomcat.TomcatWebServer [main] Tomcat started on port(s): 8084 (http) with context path ''
2020-11-13 18:26:42,071 INFO org.springframework.boot.StartupInfoLogger [main] Started Application in 21.132 seconds (JVM running for 21.969)
2020-11-13 18:27:35,803 INFO org.apache.juli.logging.DirectJDKLog [http-nio-8084-exec-1] Initializing Spring DispatcherServlet 'dispatcherServlet'
2020-11-13 18:27:35,804 INFO org.springframework.web.servlet.FrameworkServlet [http-nio-8084-exec-1] Initializing Servlet 'dispatcherServlet'
2020-11-13 18:27:35,863 INFO org.springframework.web.servlet.FrameworkServlet [http-nio-8084-exec-1] Completed initialization in 59 ms
2020-11-13 18:28:04,184 INFO org.springframework.boot.StartupInfoLogger [main] Starting Application on DESKTOP-HP0EH4K with PID 5660 (C:\Users\Dell\Documents\com.sprint2\target\classes started by Dell in C:\Users\Dell\Documents\com.sprint2)
2020-11-13 18:28:04,221 INFO org.springframework.boot.SpringApplication [main] No active profile set, falling back to default profiles: default
2020-11-13 18:28:07,348 INFO org.springframework.data.repository.config.RepositoryConfigurationDelegate [main] Bootstrapping Spring Data repositories in DEFAULT mode.
2020-11-13 18:28:07,555 INFO org.springframework.data.repository.config.RepositoryConfigurationDelegate [main] Finished Spring Data repository scanning in 191ms. Found 8 repository interfaces.
2020-11-13 18:28:08,545 INFO org.springframework.context.support.PostProcessorRegistrationDelegate$BeanPostProcessorChecker [main] Bean 'org.springframework.transaction.annotation.ProxyTransactionManagementConfiguration' of type [org.springframework.transaction.annotation.ProxyTransactionManagementConfiguration$$EnhancerBySpringCGLIB$$be2aa640] is not eligible for getting processed by all BeanPostProcessors (for example: not eligible for auto-proxying)
2020-11-13 18:28:09,556 INFO org.springframework.boot.web.embedded.tomcat.TomcatWebServer [main] Tomcat initialized with port(s): 8084 (http)
2020-11-13 18:28:09,622 INFO org.apache.juli.logging.DirectJDKLog [main] Initializing ProtocolHandler ["http-nio-8084"]
2020-11-13 18:28:09,668 INFO org.apache.juli.logging.DirectJDKLog [main] Starting service [Tomcat]
2020-11-13 18:28:09,669 INFO org.apache.juli.logging.DirectJDKLog [main] Starting Servlet engine: [Apache Tomcat/9.0.17]
2020-11-13 18:28:10,055 INFO org.apache.juli.logging.DirectJDKLog [main] Initializing Spring embedded WebApplicationContext
2020-11-13 18:28:10,055 INFO org.springframework.boot.web.servlet.context.ServletWebServerApplicationContext [main] Root WebApplicationContext: initialization completed in 5710 ms
2020-11-13 18:28:10,452 INFO com.zaxxer.hikari.HikariDataSource [main] HikariPool-1 - Starting...
2020-11-13 18:28:10,774 INFO com.zaxxer.hikari.HikariDataSource [main] HikariPool-1 - Start completed.
2020-11-13 18:28:10,954 INFO org.hibernate.jpa.internal.util.LogHelper [main] HHH000204: Processing PersistenceUnitInfo [
	name: default
	...]
2020-11-13 18:28:11,129 INFO org.hibernate.Version [main] HHH000412: Hibernate Core {5.3.9.Final}
2020-11-13 18:28:11,136 INFO org.hibernate.cfg.Environment [main] HHH000206: hibernate.properties not found
2020-11-13 18:28:11,541 INFO org.hibernate.annotations.common.reflection.java.JavaReflectionManager [main] HCANN000001: Hibernate Commons Annotations {5.0.4.Final}
2020-11-13 18:28:12,030 INFO org.hibernate.dialect.Dialect [main] HHH000400: Using dialect: org.hibernate.dialect.PostgreSQLDialect
2020-11-13 18:28:12,155 INFO org.hibernate.engine.jdbc.env.internal.LobCreatorBuilderImpl [main] HHH000421: Disabling contextual LOB creation as hibernate.jdbc.lob.non_contextual_creation is true
2020-11-13 18:28:12,167 INFO org.hibernate.type.BasicTypeRegistry [main] HHH000270: Type registration [java.util.UUID] overrides previous : org.hibernate.type.UUIDBinaryType@77ce8bc5
2020-11-13 18:28:13,702 INFO org.springframework.orm.jpa.AbstractEntityManagerFactoryBean [main] Initialized JPA EntityManagerFactory for persistence unit 'default'
2020-11-13 18:28:15,336 INFO springfox.documentation.spring.web.PropertySourcedRequestMappingHandlerMapping [main] Mapped URL path [/v2/api-docs] onto method [public org.springframework.http.ResponseEntity<springfox.documentation.spring.web.json.Json> springfox.documentation.swagger2.web.Swagger2Controller.getDocumentation(java.lang.String,javax.servlet.http.HttpServletRequest)]
2020-11-13 18:28:15,706 INFO org.springframework.scheduling.concurrent.ExecutorConfigurationSupport [main] Initializing ExecutorService 'applicationTaskExecutor'
2020-11-13 18:28:16,091 INFO springfox.documentation.spring.web.plugins.DocumentationPluginsBootstrapper [main] Context refreshed
2020-11-13 18:28:16,140 INFO springfox.documentation.spring.web.plugins.DocumentationPluginsBootstrapper [main] Found 1 custom documentation plugin(s)
2020-11-13 18:28:16,242 INFO springfox.documentation.spring.web.scanners.ApiListingReferenceScanner [main] Scanning for api listing references
2020-11-13 18:28:16,593 INFO org.apache.juli.logging.DirectJDKLog [main] Starting ProtocolHandler ["http-nio-8084"]
2020-11-13 18:28:16,652 INFO org.springframework.boot.web.embedded.tomcat.TomcatWebServer [main] Tomcat started on port(s): 8084 (http) with context path ''
2020-11-13 18:28:16,658 INFO org.springframework.boot.StartupInfoLogger [main] Started Application in 13.691 seconds (JVM running for 14.608)
